\BOOKMARK [1][-]{section.1}{\376\377\004\022\004\062\004\065\004\064\004\065\004\075\004\070\004\065}{}% 1
\BOOKMARK [2][-]{subsection.1.1}{\376\377\004\030\004\101\004\102\004\076\004\100\004\070\004\117\000\040\004\100\004\060\004\067\004\062\004\070\004\102\004\070\004\117\000\040\004\074\004\065\004\102\004\076\004\064\004\076\004\062\000\040\004\064\004\065\004\102\004\065\004\072\004\106\004\070\004\070\000\040\004\076\004\061\004\112\004\065\004\072\004\102\004\076\004\062}{section.1}% 2
\BOOKMARK [2][-]{subsection.1.2}{\376\377\004\022\004\070\004\067\004\103\004\060\004\073\004\114\004\075\004\076\000-\004\117\004\067\004\113\004\072\004\076\004\062\004\113\004\065\000\040\004\074\004\076\004\064\004\065\004\073\004\070}{section.1}% 3
\BOOKMARK [2][-]{subsection.1.3}{\376\377\004\036\004\061\004\067\004\076\004\100\000\040\004\101\004\103\004\111\004\065\004\101\004\102\004\062\004\103\004\116\004\111\004\070\004\105\000\040\004\100\004\060\004\061\004\076\004\102}{section.1}% 4
\BOOKMARK [1][-]{section.2}{\376\377\004\042\004\065\004\076\004\100\004\065\004\102\004\070\004\107\004\065\004\101\004\072\004\060\004\117\000\040\004\107\004\060\004\101\004\102\004\114}{}% 5
\BOOKMARK [2][-]{subsection.2.1}{\376\377\004\020\004\100\004\105\004\070\004\102\004\065\004\072\004\102\004\103\004\100\004\060\000\040\000Y\000O\000L\000O\000v\0008}{section.2}% 6
\BOOKMARK [2][-]{subsection.2.2}{\376\377\004\020\004\100\004\105\004\070\004\102\004\065\004\072\004\102\004\103\004\100\004\060\000\040\000R\000T\000-\000D\000E\000T\000R}{section.2}% 7
\BOOKMARK [2][-]{subsection.2.3}{\376\377\004\020\004\075\004\101\004\060\004\074\004\061\004\073\004\065\004\062\004\113\004\065\000\040\004\074\004\065\004\102\004\076\004\064\004\113}{section.2}% 8
\BOOKMARK [2][-]{subsection.2.4}{\376\377\004\032\004\073\004\060\004\101\004\101\004\070\004\104\004\070\004\072\004\060\004\102\004\076\004\100\000\040\004\101\004\106\004\065\004\075\000\040\004\075\004\060\000\040\004\076\004\101\004\075\004\076\004\062\004\065\000\040\000Y\000O\000L\000O\000v\0008\000-\000c\000l\000s}{section.2}% 9
\BOOKMARK [2][-]{subsection.2.5}{\376\377\004\035\004\060\004\061\004\076\004\100\000\040\004\064\004\060\004\075\004\075\004\113\004\105}{section.2}% 10
\BOOKMARK [2][-]{subsection.2.6}{\376\377\004\034\004\065\004\102\004\100\004\070\004\072\004\070\000\040\004\076\004\106\004\065\004\075\004\072\004\070\000\040\004\072\004\060\004\107\004\065\004\101\004\102\004\062\004\060}{section.2}% 11
\BOOKMARK [1][-]{section.3}{\376\377\004\037\004\100\004\060\004\072\004\102\004\070\004\107\004\065\004\101\004\072\004\060\004\117\000\040\004\107\004\060\004\101\004\102\004\114}{}% 12
\BOOKMARK [2][-]{subsection.3.1}{\376\377\004\036\004\061\004\103\004\107\004\065\004\075\004\070\004\065\000\040\004\074\004\076\004\064\004\065\004\073\004\070\000\040\000Y\000O\000L\000O\000v\0008}{section.3}% 13
\BOOKMARK [2][-]{subsection.3.2}{\376\377\004\036\004\061\004\103\004\107\004\065\004\075\004\070\004\065\000\040\004\074\004\076\004\064\004\065\004\073\004\070\000\040\000R\000T\000-\000D\000E\000T\000R}{section.3}% 14
\BOOKMARK [2][-]{subsection.3.3}{\376\377\004\020\004\100\004\105\004\070\004\102\004\065\004\072\004\102\004\103\004\100\004\060\000\040\004\060\004\075\004\101\004\060\004\074\004\061\004\073\004\117}{section.3}% 15
\BOOKMARK [2][-]{subsection.3.4}{\376\377\004\036\004\061\004\103\004\107\004\065\004\075\004\070\004\065\000\040\004\072\004\073\004\060\004\101\004\101\004\070\004\104\004\070\004\072\004\060\004\102\004\076\004\100\004\060\000\040\004\101\004\106\004\065\004\075}{section.3}% 16
\BOOKMARK [2][-]{subsection.3.5}{\376\377\004\037\004\100\004\076\004\106\004\065\004\101\004\101\000\040\004\070\004\075\004\104\004\065\004\100\004\065\004\075\004\101\004\060}{section.3}% 17
\BOOKMARK [2][-]{subsection.3.6}{\376\377\004\036\004\106\004\065\004\075\004\072\004\060\000\040\004\072\004\060\004\107\004\065\004\101\004\102\004\062\004\060\000\040\004\100\004\060\004\061\004\076\004\102\004\113\000\040\004\074\004\076\004\064\004\065\004\073\004\070}{section.3}% 18
\BOOKMARK [3][-]{subsubsection.3.6.1}{\376\377\004\040\004\065\004\067\004\103\004\073\004\114\004\102\004\060\004\102\004\113\000\040\004\064\004\065\004\102\004\065\004\072\004\102\004\076\004\100\004\060\000\040\004\074\004\103\004\101\004\076\004\100\004\060}{subsection.3.6}% 19
\BOOKMARK [3][-]{subsubsection.3.6.2}{\376\377\004\040\004\065\004\067\004\103\004\073\004\114\004\102\004\060\004\102\004\113\000\040\004\072\004\073\004\060\004\101\004\101\004\070\004\104\004\070\004\072\004\060\004\102\004\076\004\100\004\060\000\040\004\101\004\106\004\065\004\075}{subsection.3.6}% 20
\BOOKMARK [3][-]{subsubsection.3.6.3}{\376\377\004\022\004\100\004\065\004\074\004\117\000\040\004\070\004\075\004\104\004\065\004\100\004\065\004\075\004\101\004\060}{subsection.3.6}% 21
\BOOKMARK [3][-]{subsubsection.3.6.4}{\376\377\004\037\004\100\004\070\004\074\004\065\004\100\004\113\000\040\004\100\004\060\004\061\004\076\004\102\004\113\000\040\004\101\004\070\004\101\004\102\004\065\004\074\004\113}{subsection.3.6}% 22
\BOOKMARK [2][-]{subsection.3.7}{\376\377\004\020\004\075\004\060\004\073\004\070\004\067\000\040\004\100\004\065\004\067\004\103\004\073\004\114\004\102\004\060\004\102\004\076\004\062}{section.3}% 23
\BOOKMARK [2][-]{subsection.3.8}{\376\377\000G\000U\000I\000\040\004\064\004\073\004\117\000\040\004\102\004\065\004\101\004\102\004\070\004\100\004\076\004\062\004\060\004\075\004\070\004\117}{section.3}% 24
\BOOKMARK [1][-]{section.4}{\376\377\004\027\004\060\004\072\004\073\004\116\004\107\004\065\004\075\004\070\004\065}{}% 25
\BOOKMARK [1][-]{Item.20}{\376\377\004\041\004\077\004\070\004\101\004\076\004\072\000\040\004\073\004\070\004\102\004\065\004\100\004\060\004\102\004\103\004\100\004\113}{}% 26
